<?xml version="1.0" encoding="UTF-8"?>
<!-- Generated by org.testng.reporters.JUnitXMLReporter -->
<testsuite ignored="0" hostname="DESKTOP-JEHQ6GV" failures="0" tests="6" name="Default test" time="26.61" errors="0" timestamp="2024-01-25T15:54:38 IST">
  <testcase classname="login.SauceDemo_Login$SwagLabsTests" name="testLoginWithEmptyPassword" time="0.587"/>
  <testcase classname="login.SauceDemo_Login$SwagLabsTests" name="testLoginWithEmptyUsername" time="0.517"/>
  <testcase classname="login.SauceDemo_Login$SwagLabsTests" name="testLoginWithInvalidPassword" time="0.503"/>
  <testcase classname="login.SauceDemo_Login$SwagLabsTests" name="testLoginWithInvalidUsername" time="0.441"/>
  <testcase classname="login.SauceDemo_Login$SwagLabsTests" name="testLoginWithLockedAccount" time="0.482"/>
  <testcase classname="login.SauceDemo_Login$SwagLabsTests" name="testLoginWithValidCredentials" time="0.53"/>
</testsuite> <!-- Default test -->
