<?xml version="1.0" encoding="UTF-8"?>
<testng-results ignored="0" total="6" passed="6" failed="0" skipped="0">
  <reporter-output>
  </reporter-output>
  <suite started-at="2024-01-25T15:54:11 IST" name="Default suite" finished-at="2024-01-25T15:54:38 IST" duration-ms="26610">
    <groups>
    </groups>
    <test started-at="2024-01-25T15:54:11 IST" name="Default test" finished-at="2024-01-25T15:54:38 IST" duration-ms="26610">
      <class name="login.SauceDemo_Login$SwagLabsTests">
        <test-method is-config="true" signature="setUp()[pri:0, instance:login.SauceDemo_Login$SwagLabsTests@5fa07e12]" started-at="2024-01-25T15:54:11 IST" name="setUp" finished-at="2024-01-25T15:54:17 IST" duration-ms="5659" status="PASS">
          <reporter-output>
          </reporter-output>
        </test-method> <!-- setUp -->
        <test-method signature="testLoginWithEmptyPassword()[pri:0, instance:login.SauceDemo_Login$SwagLabsTests@5fa07e12]" started-at="2024-01-25T15:54:17 IST" name="testLoginWithEmptyPassword" description="Login with empty password" finished-at="2024-01-25T15:54:17 IST" duration-ms="587" status="PASS">
          <reporter-output>
          </reporter-output>
        </test-method> <!-- testLoginWithEmptyPassword -->
        <test-method is-config="true" signature="tearDown()[pri:0, instance:login.SauceDemo_Login$SwagLabsTests@5fa07e12]" started-at="2024-01-25T15:54:17 IST" name="tearDown" finished-at="2024-01-25T15:54:18 IST" duration-ms="291" status="PASS">
          <reporter-output>
          </reporter-output>
        </test-method> <!-- tearDown -->
        <test-method is-config="true" signature="setUp()[pri:0, instance:login.SauceDemo_Login$SwagLabsTests@5fa07e12]" started-at="2024-01-25T15:54:18 IST" name="setUp" finished-at="2024-01-25T15:54:27 IST" duration-ms="9180" status="PASS">
          <reporter-output>
          </reporter-output>
        </test-method> <!-- setUp -->
        <test-method signature="testLoginWithEmptyUsername()[pri:0, instance:login.SauceDemo_Login$SwagLabsTests@5fa07e12]" started-at="2024-01-25T15:54:27 IST" name="testLoginWithEmptyUsername" description="Login with empty username" finished-at="2024-01-25T15:54:27 IST" duration-ms="517" status="PASS">
          <reporter-output>
          </reporter-output>
        </test-method> <!-- testLoginWithEmptyUsername -->
        <test-method is-config="true" signature="tearDown()[pri:0, instance:login.SauceDemo_Login$SwagLabsTests@5fa07e12]" started-at="2024-01-25T15:54:27 IST" name="tearDown" finished-at="2024-01-25T15:54:28 IST" duration-ms="294" status="PASS">
          <reporter-output>
          </reporter-output>
        </test-method> <!-- tearDown -->
        <test-method is-config="true" signature="setUp()[pri:0, instance:login.SauceDemo_Login$SwagLabsTests@5fa07e12]" started-at="2024-01-25T15:54:28 IST" name="setUp" finished-at="2024-01-25T15:54:29 IST" duration-ms="1926" status="PASS">
          <reporter-output>
          </reporter-output>
        </test-method> <!-- setUp -->
        <test-method signature="testLoginWithInvalidPassword()[pri:0, instance:login.SauceDemo_Login$SwagLabsTests@5fa07e12]" started-at="2024-01-25T15:54:29 IST" name="testLoginWithInvalidPassword" description="Login with invalid password" finished-at="2024-01-25T15:54:30 IST" duration-ms="503" status="PASS">
          <reporter-output>
          </reporter-output>
        </test-method> <!-- testLoginWithInvalidPassword -->
        <test-method is-config="true" signature="tearDown()[pri:0, instance:login.SauceDemo_Login$SwagLabsTests@5fa07e12]" started-at="2024-01-25T15:54:30 IST" name="tearDown" finished-at="2024-01-25T15:54:30 IST" duration-ms="262" status="PASS">
          <reporter-output>
          </reporter-output>
        </test-method> <!-- tearDown -->
        <test-method is-config="true" signature="setUp()[pri:0, instance:login.SauceDemo_Login$SwagLabsTests@5fa07e12]" started-at="2024-01-25T15:54:30 IST" name="setUp" finished-at="2024-01-25T15:54:32 IST" duration-ms="1673" status="PASS">
          <reporter-output>
          </reporter-output>
        </test-method> <!-- setUp -->
        <test-method signature="testLoginWithInvalidUsername()[pri:0, instance:login.SauceDemo_Login$SwagLabsTests@5fa07e12]" started-at="2024-01-25T15:54:32 IST" name="testLoginWithInvalidUsername" description="Login with invalid username" finished-at="2024-01-25T15:54:32 IST" duration-ms="441" status="PASS">
          <reporter-output>
          </reporter-output>
        </test-method> <!-- testLoginWithInvalidUsername -->
        <test-method is-config="true" signature="tearDown()[pri:0, instance:login.SauceDemo_Login$SwagLabsTests@5fa07e12]" started-at="2024-01-25T15:54:32 IST" name="tearDown" finished-at="2024-01-25T15:54:33 IST" duration-ms="193" status="PASS">
          <reporter-output>
          </reporter-output>
        </test-method> <!-- tearDown -->
        <test-method is-config="true" signature="setUp()[pri:0, instance:login.SauceDemo_Login$SwagLabsTests@5fa07e12]" started-at="2024-01-25T15:54:33 IST" name="setUp" finished-at="2024-01-25T15:54:34 IST" duration-ms="1787" status="PASS">
          <reporter-output>
          </reporter-output>
        </test-method> <!-- setUp -->
        <test-method signature="testLoginWithLockedAccount()[pri:0, instance:login.SauceDemo_Login$SwagLabsTests@5fa07e12]" started-at="2024-01-25T15:54:34 IST" name="testLoginWithLockedAccount" description="Login with locked account" finished-at="2024-01-25T15:54:35 IST" duration-ms="482" status="PASS">
          <reporter-output>
          </reporter-output>
        </test-method> <!-- testLoginWithLockedAccount -->
        <test-method is-config="true" signature="tearDown()[pri:0, instance:login.SauceDemo_Login$SwagLabsTests@5fa07e12]" started-at="2024-01-25T15:54:35 IST" name="tearDown" finished-at="2024-01-25T15:54:35 IST" duration-ms="236" status="PASS">
          <reporter-output>
          </reporter-output>
        </test-method> <!-- tearDown -->
        <test-method is-config="true" signature="setUp()[pri:0, instance:login.SauceDemo_Login$SwagLabsTests@5fa07e12]" started-at="2024-01-25T15:54:35 IST" name="setUp" finished-at="2024-01-25T15:54:37 IST" duration-ms="1745" status="PASS">
          <reporter-output>
          </reporter-output>
        </test-method> <!-- setUp -->
        <test-method signature="testLoginWithValidCredentials()[pri:0, instance:login.SauceDemo_Login$SwagLabsTests@5fa07e12]" started-at="2024-01-25T15:54:37 IST" name="testLoginWithValidCredentials" description="Login with valid username and password" finished-at="2024-01-25T15:54:37 IST" duration-ms="530" status="PASS">
          <reporter-output>
          </reporter-output>
        </test-method> <!-- testLoginWithValidCredentials -->
        <test-method is-config="true" signature="tearDown()[pri:0, instance:login.SauceDemo_Login$SwagLabsTests@5fa07e12]" started-at="2024-01-25T15:54:37 IST" name="tearDown" finished-at="2024-01-25T15:54:38 IST" duration-ms="235" status="PASS">
          <reporter-output>
          </reporter-output>
        </test-method> <!-- tearDown -->
      </class> <!-- login.SauceDemo_Login$SwagLabsTests -->
    </test> <!-- Default test -->
  </suite> <!-- Default suite -->
</testng-results>
